# JRE version: OpenJDK Runtime Environment Temurin-17.0.4.1+1 (17.0.4.1+1) (build 17.0.4.1+1)
# Java VM: OpenJDK 64-Bit Server VM Temurin-17.0.4.1+1 (17.0.4.1+1, mixed mode, emulated-client, tiered, compressed oops, compressed class ptrs, g1 gc, windows-amd64)
GC Precious Log:
 CPUs: 6 total, 6 available
 Memory: 16366M
 Large Page Support: Disabled
 NUMA Support: Disabled
 Compressed Oops: Enabled (Zero based)
 Heap Region Size: 2M
 Heap Min Capacity: 8M
 Heap Initial Capacity: 256M
 Heap Max Capacity: 4092M
 Pre-touch: Disabled
 Parallel Workers: 6
 Concurrent Workers: 2
 Concurrent Refinement Workers: 6
 Periodic GC: Disabled
Heap:
 garbage-first heap   total 114688K, used 68454K [0x0000000700400000, 0x0000000800000000)
  region size 2048K, 24 young (49152K), 5 survivors (10240K)
 Metaspace       used 79415K, committed 80000K, reserved 1122304K
  class space    used 10905K, committed 11200K, reserved 1048576K
GC Heap History (20 events):
Event: 3.725 GC heap before
{Heap before GC invocations=11 (full 0):
 garbage-first heap   total 69632K, used 19794K [0x0000000700400000, 0x0000000800000000)
  region size 2048K, 4 young (8192K), 3 survivors (6144K)
 Metaspace       used 38688K, committed 39168K, reserved 1089536K
  class space    used 4814K, committed 5056K, reserved 1048576K
}
Event: 3.733 GC heap after
{Heap after GC invocations=12 (full 0):
 garbage-first heap   total 69632K, used 17846K [0x0000000700400000, 0x0000000800000000)
  region size 2048K, 1 young (2048K), 1 survivors (2048K)
 Metaspace       used 38688K, committed 39168K, reserved 1089536K
  class space    used 4814K, committed 5056K, reserved 1048576K
}
Event: 4.168 GC heap before
{Heap before GC invocations=12 (full 0):
 garbage-first heap   total 69632K, used 50614K [0x0000000700400000, 0x0000000800000000)
  region size 2048K, 17 young (34816K), 1 survivors (2048K)
 Metaspace       used 41767K, committed 42176K, reserved 1089536K
  class space    used 5245K, committed 5440K, reserved 1048576K
}
Event: 4.173 GC heap after
{Heap after GC invocations=13 (full 0):
 garbage-first heap   total 118784K, used 18201K [0x0000000700400000, 0x0000000800000000)
  region size 2048K, 1 young (2048K), 1 survivors (2048K)
 Metaspace       used 41767K, committed 42176K, reserved 1089536K
  class space    used 5245K, committed 5440K, reserved 1048576K
}
Event: 4.806 GC heap before
{Heap before GC invocations=13 (full 0):
 garbage-first heap   total 118784K, used 85785K [0x0000000700400000, 0x0000000800000000)
  region size 2048K, 34 young (69632K), 1 survivors (2048K)
 Metaspace       used 47768K, committed 48256K, reserved 1097728K
  class space    used 6084K, committed 6272K, reserved 1048576K
}
Event: 4.814 GC heap after
{Heap after GC invocations=14 (full 0):
 garbage-first heap   total 118784K, used 19417K [0x0000000700400000, 0x0000000800000000)
  region size 2048K, 2 young (4096K), 2 survivors (4096K)
 Metaspace       used 47768K, committed 48256K, reserved 1097728K
  class space    used 6084K, committed 6272K, reserved 1048576K
}
Event: 5.412 GC heap before
{Heap before GC invocations=14 (full 0):
 garbage-first heap   total 118784K, used 84953K [0x0000000700400000, 0x0000000800000000)
  region size 2048K, 34 young (69632K), 2 survivors (4096K)
 Metaspace       used 53086K, committed 53504K, reserved 1097728K
  class space    used 6893K, committed 7104K, reserved 1048576K
}
Event: 5.417 GC heap after
{Heap after GC invocations=15 (full 0):
 garbage-first heap   total 118784K, used 20888K [0x0000000700400000, 0x0000000800000000)
  region size 2048K, 2 young (4096K), 2 survivors (4096K)
 Metaspace       used 53086K, committed 53504K, reserved 1097728K
  class space    used 6893K, committed 7104K, reserved 1048576K
}
Event: 6.019 GC heap before
{Heap before GC invocations=15 (full 0):
 garbage-first heap   total 118784K, used 84376K [0x0000000700400000, 0x0000000800000000)
  region size 2048K, 34 young (69632K), 2 survivors (4096K)
 Metaspace       used 59666K, committed 60160K, reserved 1105920K
  class space    used 7928K, committed 8192K, reserved 1048576K
}
Event: 6.028 GC heap after
{Heap after GC invocations=16 (full 0):
 garbage-first heap   total 118784K, used 21895K [0x0000000700400000, 0x0000000800000000)
  region size 2048K, 3 young (6144K), 3 survivors (6144K)
 Metaspace       used 59666K, committed 60160K, reserved 1105920K
  class space    used 7928K, committed 8192K, reserved 1048576K
}
Event: 6.506 GC heap before
{Heap before GC invocations=17 (full 0):
 garbage-first heap   total 90112K, used 68999K [0x0000000700400000, 0x0000000800000000)
  region size 2048K, 26 young (53248K), 3 survivors (6144K)
 Metaspace       used 63393K, committed 63936K, reserved 1105920K
  class space    used 8543K, committed 8768K, reserved 1048576K
}
Event: 6.514 GC heap after
{Heap after GC invocations=18 (full 0):
 garbage-first heap   total 90112K, used 23437K [0x0000000700400000, 0x0000000800000000)
  region size 2048K, 3 young (6144K), 3 survivors (6144K)
 Metaspace       used 63393K, committed 63936K, reserved 1105920K
  class space    used 8543K, committed 8768K, reserved 1048576K
}
Event: 6.567 GC heap before
{Heap before GC invocations=18 (full 0):
 garbage-first heap   total 90112K, used 25485K [0x0000000700400000, 0x0000000800000000)
  region size 2048K, 4 young (8192K), 3 survivors (6144K)
 Metaspace       used 63534K, committed 64128K, reserved 1105920K
  class space    used 8561K, committed 8832K, reserved 1048576K
}
Event: 6.572 GC heap after
{Heap after GC invocations=19 (full 0):
 garbage-first heap   total 90112K, used 23501K [0x0000000700400000, 0x0000000800000000)
  region size 2048K, 1 young (2048K), 1 survivors (2048K)
 Metaspace       used 63534K, committed 64128K, reserved 1105920K
  class space    used 8561K, committed 8832K, reserved 1048576K
}
Event: 7.080 GC heap before
{Heap before GC invocations=19 (full 0):
 garbage-first heap   total 90112K, used 70605K [0x0000000700400000, 0x0000000800000000)
  region size 2048K, 24 young (49152K), 1 survivors (2048K)
 Metaspace       used 66487K, committed 67072K, reserved 1114112K
  class space    used 9003K, committed 9280K, reserved 1048576K
}
Event: 7.085 GC heap after
{Heap after GC invocations=20 (full 0):
 garbage-first heap   total 114688K, used 25135K [0x0000000700400000, 0x0000000800000000)
  region size 2048K, 2 young (4096K), 2 survivors (4096K)
 Metaspace       used 66487K, committed 67072K, reserved 1114112K
  class space    used 9003K, committed 9280K, reserved 1048576K
}
Event: 13.881 GC heap before
{Heap before GC invocations=20 (full 0):
 garbage-first heap   total 114688K, used 88623K [0x0000000700400000, 0x0000000800000000)
  region size 2048K, 33 young (67584K), 2 survivors (4096K)
 Metaspace       used 71394K, committed 72064K, reserved 1114112K
  class space    used 9667K, committed 9984K, reserved 1048576K
}
Event: 13.887 GC heap after
{Heap after GC invocations=21 (full 0):
 garbage-first heap   total 114688K, used 27738K [0x0000000700400000, 0x0000000800000000)
  region size 2048K, 3 young (6144K), 3 survivors (6144K)
 Metaspace       used 71394K, committed 72064K, reserved 1114112K
  class space    used 9667K, committed 9984K, reserved 1048576K
}
Event: 26.668 GC heap before
{Heap before GC invocations=21 (full 0):
 garbage-first heap   total 114688K, used 87130K [0x0000000700400000, 0x0000000800000000)
  region size 2048K, 33 young (67584K), 3 survivors (6144K)
 Metaspace       used 76984K, committed 77632K, reserved 1122304K
  class space    used 10567K, committed 10880K, reserved 1048576K
}
Event: 26.676 GC heap after
{Heap after GC invocations=22 (full 0):
 garbage-first heap   total 114688K, used 31590K [0x0000000700400000, 0x0000000800000000)
  region size 2048K, 5 young (10240K), 5 survivors (10240K)
 Metaspace       used 76984K, committed 77632K, reserved 1122304K
  class space    used 10567K, committed 10880K, reserved 1048576K
}

